<?xml version="1.0" encoding="UTF-8"?>
<!-- Generated by org.testng.reporters.JUnitXMLReporter -->
<testsuite ignored="0" hostname="BLLCHETHANV" failures="0" tests="3" name="Test1" time="11.704" errors="0" timestamp="2024-01-27T12:31:29 IST">
  <testcase classname="demoProject1.demoProject1.TestClass1" name="Test1" time="1.414"/>
  <testcase classname="demoProject1.demoProject1.TestClass1" name="Test2" time="1.364"/>
  <testcase classname="demoProject1.demoProject1.TestClass1" name="Test3" time="1.945"/>
</testsuite> <!-- Test1 -->
